Arguments: 
  /Users/decagon/.volta/tools/image/node/18.16.0/bin/node /Users/decagon/.volta/tools/image/yarn/1.22.19/bin/yarn.js add .

PATH: 
  /Users/decagon/.volta/tools/image/yarn/1.22.19/bin:/Users/decagon/.volta/tools/image/node/18.16.0/bin:/Users/decagon/.volta/bin:/usr/local/bin:/usr/bin:/bin:/usr/sbin:/sbin:/Users/decagon/.volta/bin

Yarn version: 
  1.22.19

Node version: 
  18.16.0

Platform: 
  darwin x64

Trace: 
  Error: getaddrinfo ENOTFOUND registry.yarnpkg.com
      at GetAddrInfoReqWrap.onlookup [as oncomplete] (node:dns:107:26)

npm manifest: 
  {
    "dependencies": {
      "@react-icons/all-files": "^4.1.0",
      "react-icons": "^4.10.1"
    }
  }

yarn manifest: 
  No manifest

Lockfile: 
  # THIS IS AN AUTOGENERATED FILE. DO NOT EDIT THIS FILE DIRECTLY.
  # yarn lockfile v1
  
  
  "@react-icons/all-files@^4.1.0":
    version "4.1.0"
    resolved "https://registry.yarnpkg.com/@react-icons/all-files/-/all-files-4.1.0.tgz#477284873a0821928224b6fc84c62d2534d6650b"
    integrity sha512-hxBI2UOuVaI3O/BhQfhtb4kcGn9ft12RWAFVMUeNjqqhLsHvFtzIkFaptBJpFDANTKoDfdVoHTKZDlwKCACbMQ==
  
  react-icons@^4.10.1:
    version "4.10.1"
    resolved "https://registry.yarnpkg.com/react-icons/-/react-icons-4.10.1.tgz#3f3b5eec1f63c1796f6a26174a1091ca6437a500"
    integrity sha512-/ngzDP/77tlCfqthiiGNZeYFACw85fUjZtLbedmJ5DTlNDIwETxhwBzdOJ21zj4iJdvc0J3y7yOsX3PpxAJzrw==
